<?xml version="1.0"?>
<!DOCTYPE coverage SYSTEM "http://cobertura.sourceforge.net/xml/coverage-04.dtd">
<coverage line-rate="0.5199291408325952" branch-rate="1.0000000000000000" lines-covered="587" lines-valid="1129" branches-covered="0" branches-valid="0" complexity="0.0" timestamp="1588274477" version="Slather 2.4.6">
  <sources>
    <source>/Users/toptierlabs/Projects/ios-base</source>
  </sources>
  <packages>
    <package name="ios-base.Analytics" line-rate="0.9215686274509803" branch-rate="1.0000000000000000" complexity="0.0">
      <classes>
        <class name="AnalyticsEvent" filename="ios-base/Analytics/AnalyticsEvent.swift" line-rate="0.8750000000000000" branch-rate="1.0000000000000000" complexity="0.0">
          <methods/>
          <lines>
            <line number="32" branch="false" hits="2"/>
            <line number="33" branch="false" hits="2"/>
            <line number="34" branch="false" hits="2"/>
            <line number="35" branch="false" hits="2"/>
            <line number="36" branch="false" hits="2"/>
            <line number="37" branch="false" hits="0"/>
            <line number="38" branch="false" hits="2"/>
            <line number="39" branch="false" hits="2"/>
            <line number="41" branch="false" hits="2"/>
            <line number="42" branch="false" hits="2"/>
            <line number="43" branch="false" hits="2"/>
            <line number="44" branch="false" hits="0"/>
            <line number="45" branch="false" hits="2"/>
            <line number="46" branch="false" hits="2"/>
            <line number="47" branch="false" hits="2"/>
            <line number="48" branch="false" hits="2"/>
          </lines>
        </class>
        <class name="AnalyticsManager" filename="ios-base/Analytics/AnalyticsManager.swift" line-rate="1.0000000000000000" branch-rate="1.0000000000000000" complexity="0.0">
          <methods/>
          <lines>
            <line number="26" branch="false" hits="9"/>
            <line number="27" branch="false" hits="9"/>
            <line number="28" branch="false" hits="9"/>
            <line number="30" branch="false" hits="2"/>
            <line number="31" branch="false" hits="2"/>
            <line number="32" branch="false" hits="2"/>
            <line number="34" branch="false" hits="2"/>
            <line number="35" branch="false" hits="2"/>
            <line number="36" branch="false" hits="2"/>
            <line number="38" branch="false" hits="4"/>
            <line number="39" branch="false" hits="4"/>
            <line number="40" branch="false" hits="4"/>
          </lines>
        </class>
        <class name="FirebaseAnalyticsService" filename="ios-base/Analytics/FirebaseAnalyticsService.swift" line-rate="0.9130434782608695" branch-rate="1.0000000000000000" complexity="0.0">
          <methods/>
          <lines>
            <line number="13" branch="false" hits="9"/>
            <line number="14" branch="false" hits="9"/>
            <line number="15" branch="false" hits="9"/>
            <line number="16" branch="false" hits="9"/>
            <line number="17" branch="false" hits="9"/>
            <line number="18" branch="false" hits="9"/>
            <line number="19" branch="false" hits="9"/>
            <line number="20" branch="false" hits="9"/>
            <line number="21" branch="false" hits="9"/>
            <line number="22" branch="false" hits="9"/>
            <line number="23" branch="false" hits="9"/>
            <line number="24" branch="false" hits="9"/>
            <line number="25" branch="false" hits="0"/>
            <line number="26" branch="false" hits="0"/>
            <line number="28" branch="false" hits="2"/>
            <line number="29" branch="false" hits="2"/>
            <line number="30" branch="false" hits="2"/>
            <line number="32" branch="false" hits="2"/>
            <line number="33" branch="false" hits="2"/>
            <line number="34" branch="false" hits="2"/>
            <line number="36" branch="false" hits="4"/>
            <line number="37" branch="false" hits="4"/>
            <line number="38" branch="false" hits="4"/>
          </lines>
        </class>
      </classes>
    </package>
    <package name="ios-base.Common.Models" line-rate="0.6500000000000000" branch-rate="1.0000000000000000" complexity="0.0">
      <classes>
        <class name="Session" filename="ios-base/Common/Models/Session.swift" line-rate="0.6500000000000000" branch-rate="1.0000000000000000" complexity="0.0">
          <methods/>
          <lines>
            <line number="27" branch="false" hits="0"/>
            <line number="28" branch="false" hits="0"/>
            <line number="29" branch="false" hits="0"/>
            <line number="30" branch="false" hits="0"/>
            <line number="31" branch="false" hits="0"/>
            <line number="32" branch="false" hits="0"/>
            <line number="34" branch="false" hits="5"/>
            <line number="35" branch="false" hits="5"/>
            <line number="36" branch="false" hits="5"/>
            <line number="37" branch="false" hits="5"/>
            <line number="38" branch="false" hits="0"/>
            <line number="39" branch="false" hits="5"/>
            <line number="40" branch="false" hits="5"/>
            <line number="41" branch="false" hits="5"/>
            <line number="42" branch="false" hits="3"/>
            <line number="43" branch="false" hits="5"/>
            <line number="44" branch="false" hits="5"/>
            <line number="45" branch="false" hits="5"/>
            <line number="46" branch="false" hits="5"/>
            <line number="47" branch="false" hits="5"/>
          </lines>
        </class>
      </classes>
    </package>
    <package name="ios-base.Common.Views" line-rate="0.0000000000000000" branch-rate="1.0000000000000000" complexity="0.0">
      <classes>
        <class name="PlaceholderTextView" filename="ios-base/Common/Views/PlaceholderTextView.swift" line-rate="0.0000000000000000" branch-rate="1.0000000000000000" complexity="0.0">
          <methods/>
          <lines>
            <line number="14" branch="false" hits="0"/>
            <line number="15" branch="false" hits="0"/>
            <line number="16" branch="false" hits="0"/>
            <line number="17" branch="false" hits="0"/>
            <line number="18" branch="false" hits="0"/>
            <line number="19" branch="false" hits="0"/>
            <line number="20" branch="false" hits="0"/>
            <line number="21" branch="false" hits="0"/>
            <line number="24" branch="false" hits="0"/>
            <line number="25" branch="false" hits="0"/>
            <line number="26" branch="false" hits="0"/>
            <line number="27" branch="false" hits="0"/>
            <line number="28" branch="false" hits="0"/>
            <line number="29" branch="false" hits="0"/>
            <line number="34" branch="false" hits="0"/>
            <line number="35" branch="false" hits="0"/>
            <line number="36" branch="false" hits="0"/>
            <line number="37" branch="false" hits="0"/>
            <line number="38" branch="false" hits="0"/>
            <line number="39" branch="false" hits="0"/>
            <line number="41" branch="false" hits="0"/>
            <line number="42" branch="false" hits="0"/>
            <line number="43" branch="false" hits="0"/>
            <line number="44" branch="false" hits="0"/>
            <line number="45" branch="false" hits="0"/>
            <line number="49" branch="false" hits="0"/>
            <line number="50" branch="false" hits="0"/>
            <line number="51" branch="false" hits="0"/>
            <line number="52" branch="false" hits="0"/>
            <line number="53" branch="false" hits="0"/>
            <line number="54" branch="false" hits="0"/>
            <line number="55" branch="false" hits="0"/>
            <line number="56" branch="false" hits="0"/>
            <line number="58" branch="false" hits="0"/>
            <line number="59" branch="false" hits="0"/>
            <line number="60" branch="false" hits="0"/>
            <line number="61" branch="false" hits="0"/>
            <line number="62" branch="false" hits="0"/>
            <line number="63" branch="false" hits="0"/>
            <line number="64" branch="false" hits="0"/>
            <line number="65" branch="false" hits="0"/>
            <line number="67" branch="false" hits="0"/>
            <line number="68" branch="false" hits="0"/>
            <line number="69" branch="false" hits="0"/>
            <line number="70" branch="false" hits="0"/>
            <line number="71" branch="false" hits="0"/>
            <line number="72" branch="false" hits="0"/>
            <line number="73" branch="false" hits="0"/>
          </lines>
        </class>
      </classes>
    </package>
    <package name="ios-base.Extensions" line-rate="0.2453987730061350" branch-rate="1.0000000000000000" complexity="0.0">
      <classes>
        <class name="DataExtension" filename="ios-base/Extensions/DataExtension.swift" line-rate="0.0000000000000000" branch-rate="1.0000000000000000" complexity="0.0">
          <methods/>
          <lines>
            <line number="13" branch="false" hits="0"/>
            <line number="14" branch="false" hits="0"/>
            <line number="15" branch="false" hits="0"/>
          </lines>
        </class>
        <class name="DictionaryExtension" filename="ios-base/Extensions/DictionaryExtension.swift" line-rate="0.8235294117647058" branch-rate="1.0000000000000000" complexity="0.0">
          <methods/>
          <lines>
            <line number="13" branch="false" hits="4"/>
            <line number="14" branch="false" hits="4"/>
            <line number="15" branch="false" hits="12"/>
            <line number="16" branch="false" hits="12"/>
            <line number="17" branch="false" hits="12"/>
            <line number="18" branch="false" hits="4"/>
            <line number="19" branch="false" hits="4"/>
            <line number="22" branch="false" hits="0"/>
            <line number="23" branch="false" hits="0"/>
            <line number="24" branch="false" hits="0"/>
            <line number="29" branch="false" hits="5"/>
            <line number="30" branch="false" hits="52"/>
            <line number="31" branch="false" hits="52"/>
            <line number="32" branch="false" hits="52"/>
            <line number="33" branch="false" hits="52"/>
            <line number="34" branch="false" hits="52"/>
            <line number="35" branch="false" hits="5"/>
          </lines>
        </class>
        <class name="FontExtension" filename="ios-base/Extensions/FontExtension.swift" line-rate="0.0000000000000000" branch-rate="1.0000000000000000" complexity="0.0">
          <methods/>
          <lines>
            <line number="13" branch="false" hits="0"/>
            <line number="14" branch="false" hits="0"/>
            <line number="15" branch="false" hits="0"/>
            <line number="17" branch="false" hits="0"/>
            <line number="18" branch="false" hits="0"/>
            <line number="19" branch="false" hits="0"/>
            <line number="20" branch="false" hits="0"/>
            <line number="21" branch="false" hits="0"/>
            <line number="22" branch="false" hits="0"/>
            <line number="23" branch="false" hits="0"/>
            <line number="24" branch="false" hits="0"/>
            <line number="25" branch="false" hits="0"/>
            <line number="26" branch="false" hits="0"/>
            <line number="27" branch="false" hits="0"/>
            <line number="28" branch="false" hits="0"/>
            <line number="29" branch="false" hits="0"/>
            <line number="30" branch="false" hits="0"/>
            <line number="32" branch="false" hits="0"/>
            <line number="33" branch="false" hits="0"/>
            <line number="34" branch="false" hits="0"/>
            <line number="35" branch="false" hits="0"/>
            <line number="36" branch="false" hits="0"/>
            <line number="37" branch="false" hits="0"/>
            <line number="38" branch="false" hits="0"/>
          </lines>
        </class>
        <class name="JSONEncodingExtension" filename="ios-base/Extensions/JSONEncodingExtension.swift" line-rate="0.0000000000000000" branch-rate="1.0000000000000000" complexity="0.0">
          <methods/>
          <lines>
            <line number="15" branch="false" hits="0"/>
            <line number="16" branch="false" hits="0"/>
            <line number="17" branch="false" hits="0"/>
            <line number="18" branch="false" hits="0"/>
          </lines>
        </class>
        <class name="StringExtension" filename="ios-base/Extensions/StringExtension.swift" line-rate="0.2413793103448276" branch-rate="1.0000000000000000" complexity="0.0">
          <methods/>
          <lines>
            <line number="12" branch="false" hits="0"/>
            <line number="13" branch="false" hits="0"/>
            <line number="14" branch="false" hits="0"/>
            <line number="15" branch="false" hits="0"/>
            <line number="16" branch="false" hits="0"/>
            <line number="17" branch="false" hits="0"/>
            <line number="19" branch="false" hits="0"/>
            <line number="20" branch="false" hits="0"/>
            <line number="21" branch="false" hits="0"/>
            <line number="23" branch="false" hits="0"/>
            <line number="24" branch="false" hits="0"/>
            <line number="25" branch="false" hits="0"/>
            <line number="27" branch="false" hits="0"/>
            <line number="28" branch="false" hits="0"/>
            <line number="29" branch="false" hits="0"/>
            <line number="31" branch="false" hits="0"/>
            <line number="32" branch="false" hits="0"/>
            <line number="33" branch="false" hits="0"/>
            <line number="35" branch="false" hits="0"/>
            <line number="36" branch="false" hits="0"/>
            <line number="37" branch="false" hits="0"/>
            <line number="38" branch="false" hits="0"/>
            <line number="41" branch="false" hits="272"/>
            <line number="42" branch="false" hits="272"/>
            <line number="43" branch="false" hits="272"/>
            <line number="44" branch="false" hits="272"/>
            <line number="45" branch="false" hits="272"/>
            <line number="46" branch="false" hits="272"/>
            <line number="47" branch="false" hits="272"/>
          </lines>
        </class>
        <class name="UIApplicationExtension" filename="ios-base/Extensions/UIApplicationExtension.swift" line-rate="1.0000000000000000" branch-rate="1.0000000000000000" complexity="0.0">
          <methods/>
          <lines>
            <line number="13" branch="false" hits="8"/>
            <line number="14" branch="false" hits="8"/>
            <line number="15" branch="false" hits="8"/>
            <line number="17" branch="false" hits="8"/>
            <line number="18" branch="false" hits="8"/>
            <line number="19" branch="false" hits="8"/>
          </lines>
        </class>
        <class name="UITextFieldExtension" filename="ios-base/Extensions/UITextFieldExtension.swift" line-rate="0.0000000000000000" branch-rate="1.0000000000000000" complexity="0.0">
          <methods/>
          <lines>
            <line number="12" branch="false" hits="0"/>
            <line number="13" branch="false" hits="0"/>
            <line number="14" branch="false" hits="0"/>
            <line number="15" branch="false" hits="0"/>
            <line number="16" branch="false" hits="0"/>
            <line number="17" branch="false" hits="0"/>
          </lines>
        </class>
        <class name="UIViewControllerExtension" filename="ios-base/Extensions/UIViewControllerExtension.swift" line-rate="0.2903225806451613" branch-rate="1.0000000000000000" complexity="0.0">
          <methods/>
          <lines>
            <line number="17" branch="false" hits="6"/>
            <line number="18" branch="false" hits="6"/>
            <line number="19" branch="false" hits="6"/>
            <line number="20" branch="false" hits="6"/>
            <line number="21" branch="false" hits="6"/>
            <line number="22" branch="false" hits="6"/>
            <line number="23" branch="false" hits="6"/>
            <line number="24" branch="false" hits="6"/>
            <line number="25" branch="false" hits="6"/>
            <line number="30" branch="false" hits="0"/>
            <line number="31" branch="false" hits="0"/>
            <line number="32" branch="false" hits="0"/>
            <line number="33" branch="false" hits="0"/>
            <line number="34" branch="false" hits="0"/>
            <line number="35" branch="false" hits="0"/>
            <line number="36" branch="false" hits="0"/>
            <line number="37" branch="false" hits="0"/>
            <line number="38" branch="false" hits="0"/>
            <line number="39" branch="false" hits="0"/>
            <line number="40" branch="false" hits="0"/>
            <line number="41" branch="false" hits="0"/>
            <line number="42" branch="false" hits="0"/>
            <line number="43" branch="false" hits="0"/>
            <line number="44" branch="false" hits="0"/>
            <line number="45" branch="false" hits="0"/>
            <line number="46" branch="false" hits="0"/>
            <line number="47" branch="false" hits="0"/>
            <line number="48" branch="false" hits="0"/>
            <line number="49" branch="false" hits="0"/>
            <line number="50" branch="false" hits="0"/>
            <line number="51" branch="false" hits="0"/>
          </lines>
        </class>
        <class name="UIViewExtension" filename="ios-base/Extensions/UIViewExtension.swift" line-rate="0.0930232558139535" branch-rate="1.0000000000000000" complexity="0.0">
          <methods/>
          <lines>
            <line number="15" branch="false" hits="0"/>
            <line number="16" branch="false" hits="0"/>
            <line number="17" branch="false" hits="0"/>
            <line number="18" branch="false" hits="0"/>
            <line number="20" branch="false" hits="34"/>
            <line number="21" branch="false" hits="34"/>
            <line number="22" branch="false" hits="34"/>
            <line number="23" branch="false" hits="34"/>
            <line number="25" branch="false" hits="0"/>
            <line number="26" branch="false" hits="0"/>
            <line number="27" branch="false" hits="0"/>
            <line number="29" branch="false" hits="0"/>
            <line number="30" branch="false" hits="0"/>
            <line number="31" branch="false" hits="0"/>
            <line number="32" branch="false" hits="0"/>
            <line number="33" branch="false" hits="0"/>
            <line number="38" branch="false" hits="0"/>
            <line number="39" branch="false" hits="0"/>
            <line number="40" branch="false" hits="0"/>
            <line number="41" branch="false" hits="0"/>
            <line number="42" branch="false" hits="0"/>
            <line number="43" branch="false" hits="0"/>
            <line number="44" branch="false" hits="0"/>
            <line number="45" branch="false" hits="0"/>
            <line number="46" branch="false" hits="0"/>
            <line number="47" branch="false" hits="0"/>
            <line number="48" branch="false" hits="0"/>
            <line number="50" branch="false" hits="0"/>
            <line number="51" branch="false" hits="0"/>
            <line number="52" branch="false" hits="0"/>
            <line number="53" branch="false" hits="0"/>
            <line number="54" branch="false" hits="0"/>
            <line number="55" branch="false" hits="0"/>
            <line number="59" branch="false" hits="0"/>
            <line number="60" branch="false" hits="0"/>
            <line number="61" branch="false" hits="0"/>
            <line number="62" branch="false" hits="0"/>
            <line number="63" branch="false" hits="0"/>
            <line number="65" branch="false" hits="0"/>
            <line number="66" branch="false" hits="0"/>
            <line number="67" branch="false" hits="0"/>
            <line number="68" branch="false" hits="0"/>
            <line number="69" branch="false" hits="0"/>
          </lines>
        </class>
      </classes>
    </package>
    <package name="ios-base.Helpers" line-rate="0.0000000000000000" branch-rate="1.0000000000000000" complexity="0.0">
      <classes>
        <class name="Constants" filename="ios-base/Helpers/Constants.swift" line-rate="0.0000000000000000" branch-rate="1.0000000000000000" complexity="0.0">
          <methods/>
          <lines>
            <line number="19" branch="false" hits="0"/>
            <line number="20" branch="false" hits="0"/>
            <line number="21" branch="false" hits="0"/>
            <line number="22" branch="false" hits="0"/>
            <line number="23" branch="false" hits="0"/>
          </lines>
        </class>
      </classes>
    </package>
    <package name="ios-base.Home.Routes" line-rate="0.9000000000000000" branch-rate="1.0000000000000000" complexity="0.0">
      <classes>
        <class name="HomeRoutes" filename="ios-base/Home/Routes/HomeRoutes.swift" line-rate="0.9000000000000000" branch-rate="1.0000000000000000" complexity="0.0">
          <methods/>
          <lines>
            <line number="15" branch="false" hits="4"/>
            <line number="16" branch="false" hits="4"/>
            <line number="17" branch="false" hits="4"/>
            <line number="18" branch="false" hits="4"/>
            <line number="19" branch="false" hits="0"/>
            <line number="20" branch="false" hits="4"/>
            <line number="21" branch="false" hits="4"/>
            <line number="22" branch="false" hits="4"/>
            <line number="23" branch="false" hits="4"/>
            <line number="24" branch="false" hits="4"/>
          </lines>
        </class>
      </classes>
    </package>
    <package name="ios-base.Home.ViewModels" line-rate="0.5909090909090909" branch-rate="1.0000000000000000" complexity="0.0">
      <classes>
        <class name="HomeViewModel" filename="ios-base/Home/ViewModels/HomeViewModel.swift" line-rate="0.5909090909090909" branch-rate="1.0000000000000000" complexity="0.0">
          <methods/>
          <lines>
            <line number="22" branch="false" hits="8"/>
            <line number="23" branch="false" hits="8"/>
            <line number="24" branch="false" hits="8"/>
            <line number="27" branch="false" hits="0"/>
            <line number="28" branch="false" hits="0"/>
            <line number="29" branch="false" hits="0"/>
            <line number="30" branch="false" hits="0"/>
            <line number="31" branch="false" hits="0"/>
            <line number="32" branch="false" hits="0"/>
            <line number="33" branch="false" hits="0"/>
            <line number="34" branch="false" hits="0"/>
            <line number="35" branch="false" hits="0"/>
            <line number="37" branch="false" hits="4"/>
            <line number="38" branch="false" hits="4"/>
            <line number="39" branch="false" hits="4"/>
            <line number="40" branch="false" hits="4"/>
            <line number="41" branch="false" hits="4"/>
            <line number="42" branch="false" hits="4"/>
            <line number="43" branch="false" hits="4"/>
            <line number="44" branch="false" hits="4"/>
            <line number="45" branch="false" hits="4"/>
            <line number="46" branch="false" hits="4"/>
          </lines>
        </class>
      </classes>
    </package>
    <package name="ios-base.Home.Views" line-rate="0.7826086956521739" branch-rate="1.0000000000000000" complexity="0.0">
      <classes>
        <class name="HomeViewController" filename="ios-base/Home/Views/HomeViewController.swift" line-rate="0.7826086956521739" branch-rate="1.0000000000000000" complexity="0.0">
          <methods/>
          <lines>
            <line number="21" branch="false" hits="4"/>
            <line number="22" branch="false" hits="4"/>
            <line number="23" branch="false" hits="4"/>
            <line number="24" branch="false" hits="4"/>
            <line number="25" branch="false" hits="4"/>
            <line number="29" branch="false" hits="0"/>
            <line number="30" branch="false" hits="0"/>
            <line number="31" branch="false" hits="0"/>
            <line number="33" branch="false" hits="4"/>
            <line number="34" branch="false" hits="4"/>
            <line number="35" branch="false" hits="4"/>
            <line number="39" branch="false" hits="8"/>
            <line number="40" branch="false" hits="8"/>
            <line number="41" branch="false" hits="8"/>
            <line number="42" branch="false" hits="4"/>
            <line number="43" branch="false" hits="4"/>
            <line number="44" branch="false" hits="8"/>
            <line number="45" branch="false" hits="4"/>
            <line number="46" branch="false" hits="8"/>
            <line number="47" branch="false" hits="0"/>
            <line number="48" branch="false" hits="0"/>
            <line number="49" branch="false" hits="8"/>
            <line number="50" branch="false" hits="8"/>
          </lines>
        </class>
      </classes>
    </package>
    <package name="ios-base.Managers" line-rate="0.8593750000000000" branch-rate="1.0000000000000000" complexity="0.0">
      <classes>
        <class name="ConfigurationManager" filename="ios-base/Managers/ConfigurationManager.swift" line-rate="0.6190476190476191" branch-rate="1.0000000000000000" complexity="0.0">
          <methods/>
          <lines>
            <line number="15" branch="false" hits="9"/>
            <line number="16" branch="false" hits="9"/>
            <line number="17" branch="false" hits="9"/>
            <line number="18" branch="false" hits="9"/>
            <line number="19" branch="false" hits="9"/>
            <line number="20" branch="false" hits="0"/>
            <line number="21" branch="false" hits="0"/>
            <line number="22" branch="false" hits="0"/>
            <line number="23" branch="false" hits="0"/>
            <line number="24" branch="false" hits="0"/>
            <line number="25" branch="false" hits="0"/>
            <line number="26" branch="false" hits="0"/>
            <line number="27" branch="false" hits="0"/>
            <line number="28" branch="false" hits="9"/>
            <line number="29" branch="false" hits="9"/>
            <line number="30" branch="false" hits="9"/>
            <line number="31" branch="false" hits="9"/>
            <line number="32" branch="false" hits="9"/>
            <line number="33" branch="false" hits="9"/>
            <line number="34" branch="false" hits="9"/>
            <line number="35" branch="false" hits="9"/>
          </lines>
        </class>
        <class name="SessionManager" filename="ios-base/Managers/SessionManager.swift" line-rate="1.0000000000000000" branch-rate="1.0000000000000000" complexity="0.0">
          <methods/>
          <lines>
            <line number="14" branch="false" hits="22"/>
            <line number="15" branch="false" hits="22"/>
            <line number="16" branch="false" hits="22"/>
            <line number="17" branch="false" hits="22"/>
            <line number="18" branch="false" hits="22"/>
            <line number="19" branch="false" hits="9"/>
            <line number="20" branch="false" hits="13"/>
            <line number="21" branch="false" hits="13"/>
            <line number="22" branch="false" hits="22"/>
            <line number="24" branch="false" hits="5"/>
            <line number="25" branch="false" hits="5"/>
            <line number="26" branch="false" hits="5"/>
            <line number="27" branch="false" hits="5"/>
            <line number="30" branch="false" hits="9"/>
            <line number="31" branch="false" hits="9"/>
            <line number="32" branch="false" hits="9"/>
            <line number="34" branch="false" hits="11"/>
            <line number="35" branch="false" hits="11"/>
            <line number="36" branch="false" hits="11"/>
            <line number="37" branch="false" hits="3"/>
            <line number="38" branch="false" hits="8"/>
            <line number="39" branch="false" hits="8"/>
            <line number="40" branch="false" hits="11"/>
          </lines>
        </class>
        <class name="UserDataManager" filename="ios-base/Managers/UserDataManager.swift" line-rate="0.9500000000000000" branch-rate="1.0000000000000000" complexity="0.0">
          <methods/>
          <lines>
            <line number="14" branch="false" hits="2"/>
            <line number="15" branch="false" hits="2"/>
            <line number="16" branch="false" hits="2"/>
            <line number="17" branch="false" hits="2"/>
            <line number="18" branch="false" hits="2"/>
            <line number="19" branch="false" hits="2"/>
            <line number="20" branch="false" hits="2"/>
            <line number="21" branch="false" hits="2"/>
            <line number="22" branch="false" hits="0"/>
            <line number="23" branch="false" hits="2"/>
            <line number="25" branch="false" hits="6"/>
            <line number="26" branch="false" hits="6"/>
            <line number="27" branch="false" hits="6"/>
            <line number="28" branch="false" hits="6"/>
            <line number="31" branch="false" hits="9"/>
            <line number="32" branch="false" hits="9"/>
            <line number="33" branch="false" hits="9"/>
            <line number="35" branch="false" hits="1"/>
            <line number="36" branch="false" hits="1"/>
            <line number="37" branch="false" hits="1"/>
          </lines>
        </class>
      </classes>
    </package>
    <package name="ios-base.Navigators" line-rate="0.4047619047619048" branch-rate="1.0000000000000000" complexity="0.0">
      <classes>
        <class name="AppNavigator" filename="ios-base/Navigators/AppNavigator.swift" line-rate="0.6250000000000000" branch-rate="1.0000000000000000" complexity="0.0">
          <methods/>
          <lines>
            <line number="14" branch="false" hits="9"/>
            <line number="15" branch="false" hits="9"/>
            <line number="16" branch="false" hits="9"/>
            <line number="17" branch="false" hits="9"/>
            <line number="18" branch="false" hits="9"/>
            <line number="20" branch="false" hits="0"/>
            <line number="21" branch="false" hits="0"/>
            <line number="22" branch="false" hits="0"/>
          </lines>
        </class>
        <class name="Navigator" filename="ios-base/Navigators/Navigator.swift" line-rate="0.3815789473684211" branch-rate="1.0000000000000000" complexity="0.0">
          <methods/>
          <lines>
            <line number="21" branch="false" hits="0"/>
            <line number="22" branch="false" hits="0"/>
            <line number="23" branch="false" hits="0"/>
            <line number="24" branch="false" hits="0"/>
            <line number="26" branch="false" hits="9"/>
            <line number="27" branch="false" hits="9"/>
            <line number="28" branch="false" hits="9"/>
            <line number="106" branch="false" hits="14"/>
            <line number="107" branch="false" hits="14"/>
            <line number="108" branch="false" hits="14"/>
            <line number="109" branch="false" hits="14"/>
            <line number="110" branch="false" hits="0"/>
            <line number="111" branch="false" hits="0"/>
            <line number="112" branch="false" hits="0"/>
            <line number="113" branch="false" hits="0"/>
            <line number="114" branch="false" hits="14"/>
            <line number="115" branch="false" hits="8"/>
            <line number="116" branch="false" hits="8"/>
            <line number="117" branch="false" hits="14"/>
            <line number="118" branch="false" hits="0"/>
            <line number="119" branch="false" hits="0"/>
            <line number="120" branch="false" hits="14"/>
            <line number="121" branch="false" hits="6"/>
            <line number="122" branch="false" hits="6"/>
            <line number="123" branch="false" hits="6"/>
            <line number="124" branch="false" hits="6"/>
            <line number="125" branch="false" hits="6"/>
            <line number="126" branch="false" hits="14"/>
            <line number="127" branch="false" hits="14"/>
            <line number="129" branch="false" hits="0"/>
            <line number="130" branch="false" hits="0"/>
            <line number="131" branch="false" hits="0"/>
            <line number="132" branch="false" hits="0"/>
            <line number="133" branch="false" hits="0"/>
            <line number="134" branch="false" hits="0"/>
            <line number="135" branch="false" hits="0"/>
            <line number="136" branch="false" hits="0"/>
            <line number="137" branch="false" hits="0"/>
            <line number="138" branch="false" hits="0"/>
            <line number="140" branch="false" hits="0"/>
            <line number="141" branch="false" hits="0"/>
            <line number="142" branch="false" hits="0"/>
            <line number="144" branch="false" hits="0"/>
            <line number="145" branch="false" hits="0"/>
            <line number="146" branch="false" hits="0"/>
            <line number="148" branch="false" hits="0"/>
            <line number="149" branch="false" hits="0"/>
            <line number="150" branch="false" hits="0"/>
            <line number="151" branch="false" hits="0"/>
            <line number="152" branch="false" hits="0"/>
            <line number="153" branch="false" hits="0"/>
            <line number="154" branch="false" hits="0"/>
            <line number="155" branch="false" hits="0"/>
            <line number="157" branch="false" hits="0"/>
            <line number="158" branch="false" hits="0"/>
            <line number="159" branch="false" hits="0"/>
            <line number="160" branch="false" hits="0"/>
            <line number="161" branch="false" hits="0"/>
            <line number="162" branch="false" hits="0"/>
            <line number="163" branch="false" hits="0"/>
            <line number="164" branch="false" hits="0"/>
            <line number="165" branch="false" hits="0"/>
            <line number="167" branch="false" hits="0"/>
            <line number="168" branch="false" hits="0"/>
            <line number="169" branch="false" hits="0"/>
            <line number="198" branch="false" hits="8"/>
            <line number="199" branch="false" hits="8"/>
            <line number="200" branch="false" hits="8"/>
            <line number="221" branch="false" hits="15"/>
            <line number="222" branch="false" hits="15"/>
            <line number="223" branch="false" hits="0"/>
            <line number="224" branch="false" hits="15"/>
            <line number="225" branch="false" hits="15"/>
            <line number="226" branch="false" hits="15"/>
            <line number="227" branch="false" hits="15"/>
            <line number="228" branch="false" hits="15"/>
          </lines>
        </class>
      </classes>
    </package>
    <package name="ios-base.Networking" line-rate="0.7058823529411765" branch-rate="1.0000000000000000" complexity="0.0">
      <classes>
        <class name="APIService" filename="ios-base/Networking/APIService.swift" line-rate="0.8556701030927835" branch-rate="1.0000000000000000" complexity="0.0">
          <methods/>
          <lines>
            <line number="53" branch="false" hits="6"/>
            <line number="54" branch="false" hits="6"/>
            <line number="55" branch="false" hits="6"/>
            <line number="56" branch="false" hits="6"/>
            <line number="57" branch="false" hits="6"/>
            <line number="58" branch="false" hits="6"/>
            <line number="59" branch="false" hits="6"/>
            <line number="65" branch="false" hits="8"/>
            <line number="66" branch="false" hits="8"/>
            <line number="67" branch="false" hits="6"/>
            <line number="68" branch="false" hits="6"/>
            <line number="69" branch="false" hits="6"/>
            <line number="70" branch="false" hits="2"/>
            <line number="71" branch="false" hits="8"/>
            <line number="78" branch="false" hits="2"/>
            <line number="79" branch="false" hits="2"/>
            <line number="80" branch="false" hits="2"/>
            <line number="81" branch="false" hits="2"/>
            <line number="82" branch="false" hits="2"/>
            <line number="83" branch="false" hits="2"/>
            <line number="85" branch="false" hits="7"/>
            <line number="98" branch="false" hits="4"/>
            <line number="99" branch="false" hits="4"/>
            <line number="100" branch="false" hits="4"/>
            <line number="101" branch="false" hits="4"/>
            <line number="102" branch="false" hits="4"/>
            <line number="103" branch="false" hits="4"/>
            <line number="104" branch="false" hits="4"/>
            <line number="105" branch="false" hits="4"/>
            <line number="106" branch="false" hits="4"/>
            <line number="107" branch="false" hits="4"/>
            <line number="108" branch="false" hits="0"/>
            <line number="109" branch="false" hits="4"/>
            <line number="110" branch="false" hits="4"/>
            <line number="111" branch="false" hits="4"/>
            <line number="118" branch="false" hits="4"/>
            <line number="119" branch="false" hits="4"/>
            <line number="120" branch="false" hits="4"/>
            <line number="121" branch="false" hits="4"/>
            <line number="122" branch="false" hits="4"/>
            <line number="123" branch="false" hits="4"/>
            <line number="124" branch="false" hits="4"/>
            <line number="125" branch="false" hits="4"/>
            <line number="126" branch="false" hits="0"/>
            <line number="127" branch="false" hits="4"/>
            <line number="128" branch="false" hits="4"/>
            <line number="129" branch="false" hits="4"/>
            <line number="136" branch="false" hits="4"/>
            <line number="137" branch="false" hits="4"/>
            <line number="138" branch="false" hits="4"/>
            <line number="139" branch="false" hits="4"/>
            <line number="140" branch="false" hits="4"/>
            <line number="141" branch="false" hits="4"/>
            <line number="142" branch="false" hits="4"/>
            <line number="143" branch="false" hits="4"/>
            <line number="144" branch="false" hits="4"/>
            <line number="145" branch="false" hits="4"/>
            <line number="146" branch="false" hits="2"/>
            <line number="147" branch="false" hits="4"/>
            <line number="148" branch="false" hits="4"/>
            <line number="152" branch="false" hits="2"/>
            <line number="153" branch="false" hits="2"/>
            <line number="154" branch="false" hits="0"/>
            <line number="155" branch="false" hits="0"/>
            <line number="156" branch="false" hits="2"/>
            <line number="157" branch="false" hits="2"/>
            <line number="158" branch="false" hits="2"/>
            <line number="159" branch="false" hits="2"/>
            <line number="160" branch="false" hits="2"/>
            <line number="161" branch="false" hits="2"/>
            <line number="162" branch="false" hits="2"/>
            <line number="163" branch="false" hits="2"/>
            <line number="164" branch="false" hits="2"/>
            <line number="165" branch="false" hits="0"/>
            <line number="166" branch="false" hits="0"/>
            <line number="167" branch="false" hits="0"/>
            <line number="168" branch="false" hits="2"/>
            <line number="169" branch="false" hits="0"/>
            <line number="170" branch="false" hits="2"/>
            <line number="171" branch="false" hits="0"/>
            <line number="172" branch="false" hits="2"/>
            <line number="173" branch="false" hits="0"/>
            <line number="174" branch="false" hits="2"/>
            <line number="175" branch="false" hits="0"/>
            <line number="176" branch="false" hits="2"/>
            <line number="177" branch="false" hits="2"/>
            <line number="179" branch="false" hits="8"/>
            <line number="180" branch="false" hits="8"/>
            <line number="181" branch="false" hits="8"/>
            <line number="182" branch="false" hits="8"/>
            <line number="183" branch="false" hits="8"/>
            <line number="184" branch="false" hits="8"/>
            <line number="185" branch="false" hits="8"/>
            <line number="186" branch="false" hits="8"/>
            <line number="187" branch="false" hits="0"/>
            <line number="188" branch="false" hits="0"/>
            <line number="189" branch="false" hits="0"/>
          </lines>
        </class>
        <class name="TargetType+Base" filename="ios-base/Networking/TargetType+Base.swift" line-rate="0.4464285714285715" branch-rate="1.0000000000000000" complexity="0.0">
          <methods/>
          <lines>
            <line number="15" branch="false" hits="8"/>
            <line number="16" branch="false" hits="8"/>
            <line number="17" branch="false" hits="8"/>
            <line number="18" branch="false" hits="8"/>
            <line number="19" branch="false" hits="8"/>
            <line number="20" branch="false" hits="8"/>
            <line number="22" branch="false" hits="0"/>
            <line number="23" branch="false" hits="0"/>
            <line number="24" branch="false" hits="0"/>
            <line number="26" branch="false" hits="0"/>
            <line number="33" branch="false" hits="8"/>
            <line number="34" branch="false" hits="8"/>
            <line number="35" branch="false" hits="8"/>
            <line number="36" branch="false" hits="8"/>
            <line number="37" branch="false" hits="8"/>
            <line number="38" branch="false" hits="8"/>
            <line number="40" branch="false" hits="8"/>
            <line number="41" branch="false" hits="8"/>
            <line number="42" branch="false" hits="4"/>
            <line number="43" branch="false" hits="4"/>
            <line number="44" branch="false" hits="4"/>
            <line number="45" branch="false" hits="4"/>
            <line number="46" branch="false" hits="4"/>
            <line number="47" branch="false" hits="4"/>
            <line number="48" branch="false" hits="4"/>
            <line number="49" branch="false" hits="8"/>
            <line number="51" branch="false" hits="4"/>
            <line number="52" branch="false" hits="4"/>
            <line number="53" branch="false" hits="4"/>
            <line number="57" branch="false" hits="0"/>
            <line number="58" branch="false" hits="0"/>
            <line number="59" branch="false" hits="0"/>
            <line number="60" branch="false" hits="0"/>
            <line number="61" branch="false" hits="0"/>
            <line number="65" branch="false" hits="0"/>
            <line number="66" branch="false" hits="0"/>
            <line number="67" branch="false" hits="0"/>
            <line number="68" branch="false" hits="0"/>
            <line number="69" branch="false" hits="0"/>
            <line number="70" branch="false" hits="0"/>
            <line number="71" branch="false" hits="0"/>
            <line number="72" branch="false" hits="0"/>
            <line number="73" branch="false" hits="0"/>
            <line number="74" branch="false" hits="0"/>
            <line number="75" branch="false" hits="0"/>
            <line number="76" branch="false" hits="0"/>
            <line number="77" branch="false" hits="0"/>
            <line number="78" branch="false" hits="0"/>
            <line number="79" branch="false" hits="0"/>
            <line number="80" branch="false" hits="0"/>
            <line number="81" branch="false" hits="0"/>
            <line number="82" branch="false" hits="0"/>
            <line number="83" branch="false" hits="0"/>
            <line number="84" branch="false" hits="0"/>
            <line number="85" branch="false" hits="0"/>
            <line number="86" branch="false" hits="0"/>
          </lines>
        </class>
      </classes>
    </package>
    <package name="ios-base.Networking.Models" line-rate="0.2153846153846154" branch-rate="1.0000000000000000" complexity="0.0">
      <classes>
        <class name="APIError" filename="ios-base/Networking/Models/APIError.swift" line-rate="0.3589743589743590" branch-rate="1.0000000000000000" complexity="0.0">
          <methods/>
          <lines>
            <line number="17" branch="false" hits="0"/>
            <line number="18" branch="false" hits="0"/>
            <line number="19" branch="false" hits="0"/>
            <line number="20" branch="false" hits="0"/>
            <line number="21" branch="false" hits="0"/>
            <line number="22" branch="false" hits="0"/>
            <line number="23" branch="false" hits="0"/>
            <line number="24" branch="false" hits="0"/>
            <line number="25" branch="false" hits="0"/>
            <line number="28" branch="false" hits="0"/>
            <line number="29" branch="false" hits="0"/>
            <line number="30" branch="false" hits="0"/>
            <line number="31" branch="false" hits="0"/>
            <line number="32" branch="false" hits="0"/>
            <line number="33" branch="false" hits="0"/>
            <line number="34" branch="false" hits="0"/>
            <line number="35" branch="false" hits="0"/>
            <line number="36" branch="false" hits="0"/>
            <line number="37" branch="false" hits="0"/>
            <line number="38" branch="false" hits="0"/>
            <line number="40" branch="false" hits="2"/>
            <line number="41" branch="false" hits="2"/>
            <line number="42" branch="false" hits="0"/>
            <line number="43" branch="false" hits="2"/>
            <line number="44" branch="false" hits="2"/>
            <line number="45" branch="false" hits="2"/>
            <line number="57" branch="false" hits="2"/>
            <line number="58" branch="false" hits="2"/>
            <line number="59" branch="false" hits="2"/>
            <line number="60" branch="false" hits="0"/>
            <line number="61" branch="false" hits="0"/>
            <line number="62" branch="false" hits="2"/>
            <line number="63" branch="false" hits="0"/>
            <line number="64" branch="false" hits="0"/>
            <line number="65" branch="false" hits="2"/>
            <line number="66" branch="false" hits="2"/>
            <line number="67" branch="false" hits="2"/>
            <line number="68" branch="false" hits="2"/>
            <line number="69" branch="false" hits="2"/>
          </lines>
        </class>
        <class name="Base64Media" filename="ios-base/Networking/Models/Base64Media.swift" line-rate="0.0000000000000000" branch-rate="1.0000000000000000" complexity="0.0">
          <methods/>
          <lines>
            <line number="15" branch="false" hits="0"/>
            <line number="16" branch="false" hits="0"/>
            <line number="17" branch="false" hits="0"/>
            <line number="18" branch="false" hits="0"/>
          </lines>
        </class>
        <class name="MultipartMedia" filename="ios-base/Networking/Models/MultipartMedia.swift" line-rate="0.0000000000000000" branch-rate="1.0000000000000000" complexity="0.0">
          <methods/>
          <lines>
            <line number="23" branch="false" hits="0"/>
            <line number="24" branch="false" hits="0"/>
            <line number="25" branch="false" hits="0"/>
            <line number="26" branch="false" hits="0"/>
            <line number="27" branch="false" hits="0"/>
            <line number="28" branch="false" hits="0"/>
            <line number="29" branch="false" hits="0"/>
            <line number="30" branch="false" hits="0"/>
            <line number="31" branch="false" hits="0"/>
            <line number="32" branch="false" hits="0"/>
            <line number="33" branch="false" hits="0"/>
            <line number="40" branch="false" hits="0"/>
            <line number="41" branch="false" hits="0"/>
            <line number="42" branch="false" hits="0"/>
            <line number="44" branch="false" hits="0"/>
            <line number="45" branch="false" hits="0"/>
            <line number="46" branch="false" hits="0"/>
            <line number="47" branch="false" hits="0"/>
            <line number="48" branch="false" hits="0"/>
            <line number="50" branch="false" hits="0"/>
            <line number="51" branch="false" hits="0"/>
            <line number="52" branch="false" hits="0"/>
          </lines>
        </class>
      </classes>
    </package>
    <package name="ios-base.Networking.Services" line-rate="0.4871794871794872" branch-rate="1.0000000000000000" complexity="0.0">
      <classes>
        <class name="UserResource" filename="ios-base/Networking/Services/UserResource.swift" line-rate="0.5882352941176471" branch-rate="1.0000000000000000" complexity="0.0">
          <methods/>
          <lines>
            <line number="21" branch="false" hits="16"/>
            <line number="22" branch="false" hits="16"/>
            <line number="23" branch="false" hits="16"/>
            <line number="24" branch="false" hits="16"/>
            <line number="25" branch="false" hits="16"/>
            <line number="26" branch="false" hits="8"/>
            <line number="27" branch="false" hits="16"/>
            <line number="28" branch="false" hits="0"/>
            <line number="29" branch="false" hits="16"/>
            <line number="30" branch="false" hits="0"/>
            <line number="31" branch="false" hits="16"/>
            <line number="32" branch="false" hits="0"/>
            <line number="33" branch="false" hits="16"/>
            <line number="34" branch="false" hits="0"/>
            <line number="35" branch="false" hits="16"/>
            <line number="36" branch="false" hits="8"/>
            <line number="37" branch="false" hits="16"/>
            <line number="38" branch="false" hits="16"/>
            <line number="40" branch="false" hits="8"/>
            <line number="41" branch="false" hits="8"/>
            <line number="42" branch="false" hits="8"/>
            <line number="43" branch="false" hits="4"/>
            <line number="44" branch="false" hits="8"/>
            <line number="45" branch="false" hits="0"/>
            <line number="46" branch="false" hits="8"/>
            <line number="47" branch="false" hits="4"/>
            <line number="48" branch="false" hits="8"/>
            <line number="49" branch="false" hits="8"/>
            <line number="51" branch="false" hits="8"/>
            <line number="52" branch="false" hits="8"/>
            <line number="53" branch="false" hits="8"/>
            <line number="54" branch="false" hits="0"/>
            <line number="55" branch="false" hits="8"/>
            <line number="56" branch="false" hits="8"/>
            <line number="57" branch="false" hits="8"/>
            <line number="58" branch="false" hits="8"/>
            <line number="60" branch="false" hits="8"/>
            <line number="61" branch="false" hits="8"/>
            <line number="62" branch="false" hits="8"/>
            <line number="63" branch="false" hits="4"/>
            <line number="64" branch="false" hits="4"/>
            <line number="65" branch="false" hits="8"/>
            <line number="66" branch="false" hits="0"/>
            <line number="67" branch="false" hits="0"/>
            <line number="68" branch="false" hits="8"/>
            <line number="69" branch="false" hits="0"/>
            <line number="70" branch="false" hits="0"/>
            <line number="71" branch="false" hits="0"/>
            <line number="72" branch="false" hits="0"/>
            <line number="73" branch="false" hits="8"/>
            <line number="74" branch="false" hits="0"/>
            <line number="75" branch="false" hits="0"/>
            <line number="76" branch="false" hits="0"/>
            <line number="77" branch="false" hits="0"/>
            <line number="78" branch="false" hits="8"/>
            <line number="79" branch="false" hits="4"/>
            <line number="80" branch="false" hits="8"/>
            <line number="81" branch="false" hits="8"/>
            <line number="83" branch="false" hits="4"/>
            <line number="84" branch="false" hits="4"/>
            <line number="85" branch="false" hits="4"/>
            <line number="86" branch="false" hits="4"/>
            <line number="87" branch="false" hits="4"/>
            <line number="88" branch="false" hits="4"/>
            <line number="89" branch="false" hits="4"/>
            <line number="90" branch="false" hits="4"/>
            <line number="94" branch="false" hits="0"/>
            <line number="95" branch="false" hits="0"/>
            <line number="96" branch="false" hits="0"/>
            <line number="97" branch="false" hits="0"/>
            <line number="98" branch="false" hits="0"/>
            <line number="99" branch="false" hits="0"/>
            <line number="100" branch="false" hits="0"/>
            <line number="101" branch="false" hits="0"/>
            <line number="102" branch="false" hits="0"/>
            <line number="103" branch="false" hits="0"/>
            <line number="104" branch="false" hits="0"/>
            <line number="108" branch="false" hits="0"/>
            <line number="109" branch="false" hits="0"/>
            <line number="110" branch="false" hits="0"/>
            <line number="111" branch="false" hits="0"/>
            <line number="112" branch="false" hits="0"/>
            <line number="113" branch="false" hits="0"/>
            <line number="114" branch="false" hits="0"/>
            <line number="115" branch="false" hits="0"/>
          </lines>
        </class>
        <class name="UserService" filename="ios-base/Networking/Services/UserService.swift" line-rate="0.3661971830985916" branch-rate="1.0000000000000000" complexity="0.0">
          <methods/>
          <lines>
            <line number="15" branch="false" hits="0"/>
            <line number="16" branch="false" hits="0"/>
            <line number="17" branch="false" hits="0"/>
            <line number="26" branch="false" hits="4"/>
            <line number="27" branch="false" hits="4"/>
            <line number="28" branch="false" hits="4"/>
            <line number="29" branch="false" hits="4"/>
            <line number="30" branch="false" hits="2"/>
            <line number="31" branch="false" hits="0"/>
            <line number="32" branch="false" hits="0"/>
            <line number="33" branch="false" hits="2"/>
            <line number="34" branch="false" hits="2"/>
            <line number="35" branch="false" hits="2"/>
            <line number="36" branch="false" hits="2"/>
            <line number="37" branch="false" hits="2"/>
            <line number="38" branch="false" hits="2"/>
            <line number="39" branch="false" hits="4"/>
            <line number="45" branch="false" hits="0"/>
            <line number="46" branch="false" hits="0"/>
            <line number="47" branch="false" hits="0"/>
            <line number="48" branch="false" hits="0"/>
            <line number="49" branch="false" hits="0"/>
            <line number="50" branch="false" hits="0"/>
            <line number="51" branch="false" hits="0"/>
            <line number="52" branch="false" hits="0"/>
            <line number="53" branch="false" hits="0"/>
            <line number="54" branch="false" hits="0"/>
            <line number="55" branch="false" hits="0"/>
            <line number="56" branch="false" hits="0"/>
            <line number="57" branch="false" hits="0"/>
            <line number="58" branch="false" hits="0"/>
            <line number="63" branch="false" hits="0"/>
            <line number="64" branch="false" hits="0"/>
            <line number="65" branch="false" hits="0"/>
            <line number="66" branch="false" hits="0"/>
            <line number="67" branch="false" hits="0"/>
            <line number="68" branch="false" hits="0"/>
            <line number="69" branch="false" hits="0"/>
            <line number="70" branch="false" hits="0"/>
            <line number="71" branch="false" hits="0"/>
            <line number="72" branch="false" hits="0"/>
            <line number="76" branch="false" hits="0"/>
            <line number="77" branch="false" hits="0"/>
            <line number="78" branch="false" hits="0"/>
            <line number="79" branch="false" hits="0"/>
            <line number="80" branch="false" hits="0"/>
            <line number="81" branch="false" hits="0"/>
            <line number="82" branch="false" hits="0"/>
            <line number="83" branch="false" hits="0"/>
            <line number="84" branch="false" hits="0"/>
            <line number="85" branch="false" hits="0"/>
            <line number="86" branch="false" hits="0"/>
            <line number="87" branch="false" hits="0"/>
            <line number="88" branch="false" hits="0"/>
            <line number="89" branch="false" hits="0"/>
            <line number="91" branch="false" hits="6"/>
            <line number="92" branch="false" hits="6"/>
            <line number="93" branch="false" hits="6"/>
            <line number="94" branch="false" hits="5"/>
            <line number="95" branch="false" hits="6"/>
            <line number="96" branch="false" hits="6"/>
            <line number="100" branch="false" hits="4"/>
            <line number="101" branch="false" hits="4"/>
            <line number="102" branch="false" hits="4"/>
            <line number="103" branch="false" hits="4"/>
            <line number="104" branch="false" hits="4"/>
            <line number="105" branch="false" hits="4"/>
            <line number="106" branch="false" hits="4"/>
            <line number="107" branch="false" hits="0"/>
            <line number="108" branch="false" hits="0"/>
            <line number="109" branch="false" hits="4"/>
          </lines>
        </class>
      </classes>
    </package>
    <package name="ios-base.Onboarding.Routes" line-rate="0.9032258064516129" branch-rate="1.0000000000000000" complexity="0.0">
      <classes>
        <class name="OnboardingRoutes" filename="ios-base/Onboarding/Routes/OnboardingRoutes.swift" line-rate="0.9032258064516129" branch-rate="1.0000000000000000" complexity="0.0">
          <methods/>
          <lines>
            <line number="17" branch="false" hits="19"/>
            <line number="18" branch="false" hits="19"/>
            <line number="19" branch="false" hits="19"/>
            <line number="20" branch="false" hits="11"/>
            <line number="21" branch="false" hits="19"/>
            <line number="22" branch="false" hits="6"/>
            <line number="23" branch="false" hits="19"/>
            <line number="24" branch="false" hits="2"/>
            <line number="25" branch="false" hits="19"/>
            <line number="26" branch="false" hits="19"/>
            <line number="28" branch="false" hits="6"/>
            <line number="29" branch="false" hits="6"/>
            <line number="30" branch="false" hits="0"/>
            <line number="31" branch="false" hits="6"/>
            <line number="32" branch="false" hits="6"/>
            <line number="33" branch="false" hits="6"/>
            <line number="34" branch="false" hits="6"/>
            <line number="36" branch="false" hits="2"/>
            <line number="37" branch="false" hits="2"/>
            <line number="38" branch="false" hits="0"/>
            <line number="39" branch="false" hits="2"/>
            <line number="40" branch="false" hits="2"/>
            <line number="41" branch="false" hits="2"/>
            <line number="42" branch="false" hits="2"/>
            <line number="44" branch="false" hits="11"/>
            <line number="45" branch="false" hits="11"/>
            <line number="46" branch="false" hits="0"/>
            <line number="47" branch="false" hits="11"/>
            <line number="48" branch="false" hits="11"/>
            <line number="49" branch="false" hits="11"/>
            <line number="50" branch="false" hits="11"/>
          </lines>
        </class>
      </classes>
    </package>
    <package name="ios-base.Onboarding.ViewModels" line-rate="0.3884297520661157" branch-rate="1.0000000000000000" complexity="0.0">
      <classes>
        <class name="FirstViewModel" filename="ios-base/Onboarding/ViewModels/FirstViewModel.swift" line-rate="0.1034482758620690" branch-rate="1.0000000000000000" complexity="0.0">
          <methods/>
          <lines>
            <line number="19" branch="false" hits="0"/>
            <line number="20" branch="false" hits="0"/>
            <line number="21" branch="false" hits="0"/>
            <line number="26" branch="false" hits="0"/>
            <line number="27" branch="false" hits="0"/>
            <line number="28" branch="false" hits="0"/>
            <line number="29" branch="false" hits="0"/>
            <line number="30" branch="false" hits="0"/>
            <line number="31" branch="false" hits="0"/>
            <line number="32" branch="false" hits="0"/>
            <line number="33" branch="false" hits="0"/>
            <line number="34" branch="false" hits="0"/>
            <line number="35" branch="false" hits="0"/>
            <line number="36" branch="false" hits="0"/>
            <line number="37" branch="false" hits="0"/>
            <line number="38" branch="false" hits="0"/>
            <line number="40" branch="false" hits="6"/>
            <line number="41" branch="false" hits="6"/>
            <line number="42" branch="false" hits="6"/>
            <line number="44" branch="false" hits="2"/>
            <line number="45" branch="false" hits="2"/>
            <line number="46" branch="false" hits="2"/>
            <line number="50" branch="false" hits="0"/>
            <line number="51" branch="false" hits="0"/>
            <line number="52" branch="false" hits="0"/>
            <line number="53" branch="false" hits="0"/>
            <line number="54" branch="false" hits="0"/>
            <line number="55" branch="false" hits="0"/>
            <line number="56" branch="false" hits="0"/>
            <line number="57" branch="false" hits="0"/>
            <line number="58" branch="false" hits="0"/>
            <line number="59" branch="false" hits="0"/>
            <line number="60" branch="false" hits="0"/>
            <line number="61" branch="false" hits="0"/>
            <line number="62" branch="false" hits="0"/>
            <line number="63" branch="false" hits="0"/>
            <line number="64" branch="false" hits="0"/>
            <line number="65" branch="false" hits="0"/>
            <line number="67" branch="false" hits="0"/>
            <line number="68" branch="false" hits="0"/>
            <line number="69" branch="false" hits="0"/>
            <line number="71" branch="false" hits="0"/>
            <line number="72" branch="false" hits="0"/>
            <line number="73" branch="false" hits="0"/>
            <line number="74" branch="false" hits="0"/>
            <line number="75" branch="false" hits="0"/>
            <line number="76" branch="false" hits="0"/>
            <line number="77" branch="false" hits="0"/>
            <line number="78" branch="false" hits="0"/>
            <line number="79" branch="false" hits="0"/>
            <line number="80" branch="false" hits="0"/>
            <line number="81" branch="false" hits="0"/>
            <line number="82" branch="false" hits="0"/>
            <line number="83" branch="false" hits="0"/>
            <line number="84" branch="false" hits="0"/>
            <line number="85" branch="false" hits="0"/>
            <line number="86" branch="false" hits="0"/>
            <line number="87" branch="false" hits="0"/>
          </lines>
        </class>
        <class name="SignInViewModel" filename="ios-base/Onboarding/ViewModels/SignInViewModel.swift" line-rate="1.0000000000000000" branch-rate="1.0000000000000000" complexity="0.0">
          <methods/>
          <lines>
            <line number="19" branch="false" hits="8"/>
            <line number="20" branch="false" hits="8"/>
            <line number="21" branch="false" hits="8"/>
            <line number="27" branch="false" hits="114"/>
            <line number="28" branch="false" hits="114"/>
            <line number="29" branch="false" hits="114"/>
            <line number="33" branch="false" hits="68"/>
            <line number="34" branch="false" hits="68"/>
            <line number="35" branch="false" hits="68"/>
            <line number="38" branch="false" hits="182"/>
            <line number="39" branch="false" hits="182"/>
            <line number="40" branch="false" hits="182"/>
            <line number="42" branch="false" hits="4"/>
            <line number="43" branch="false" hits="4"/>
            <line number="44" branch="false" hits="4"/>
            <line number="45" branch="false" hits="4"/>
            <line number="46" branch="false" hits="4"/>
            <line number="47" branch="false" hits="4"/>
            <line number="48" branch="false" hits="2"/>
            <line number="49" branch="false" hits="2"/>
            <line number="50" branch="false" hits="2"/>
            <line number="51" branch="false" hits="2"/>
            <line number="52" branch="false" hits="2"/>
            <line number="53" branch="false" hits="2"/>
            <line number="54" branch="false" hits="4"/>
            <line number="55" branch="false" hits="4"/>
            <line number="56" branch="false" hits="4"/>
            <line number="57" branch="false" hits="4"/>
          </lines>
        </class>
        <class name="SignUpViewModel" filename="ios-base/Onboarding/ViewModels/SignUpViewModel.swift" line-rate="0.3714285714285714" branch-rate="1.0000000000000000" complexity="0.0">
          <methods/>
          <lines>
            <line number="20" branch="false" hits="0"/>
            <line number="21" branch="false" hits="0"/>
            <line number="22" branch="false" hits="0"/>
            <line number="28" branch="false" hits="38"/>
            <line number="29" branch="false" hits="38"/>
            <line number="30" branch="false" hits="38"/>
            <line number="34" branch="false" hits="16"/>
            <line number="35" branch="false" hits="16"/>
            <line number="36" branch="false" hits="16"/>
            <line number="40" branch="false" hits="32"/>
            <line number="41" branch="false" hits="32"/>
            <line number="42" branch="false" hits="32"/>
            <line number="45" branch="false" hits="86"/>
            <line number="46" branch="false" hits="86"/>
            <line number="47" branch="false" hits="86"/>
            <line number="48" branch="false" hits="86"/>
            <line number="50" branch="false" hits="0"/>
            <line number="51" branch="false" hits="0"/>
            <line number="52" branch="false" hits="0"/>
            <line number="53" branch="false" hits="0"/>
            <line number="54" branch="false" hits="0"/>
            <line number="55" branch="false" hits="0"/>
            <line number="56" branch="false" hits="0"/>
            <line number="57" branch="false" hits="0"/>
            <line number="58" branch="false" hits="0"/>
            <line number="59" branch="false" hits="0"/>
            <line number="60" branch="false" hits="0"/>
            <line number="61" branch="false" hits="0"/>
            <line number="62" branch="false" hits="0"/>
            <line number="63" branch="false" hits="0"/>
            <line number="64" branch="false" hits="0"/>
            <line number="65" branch="false" hits="0"/>
            <line number="66" branch="false" hits="0"/>
            <line number="67" branch="false" hits="0"/>
            <line number="68" branch="false" hits="0"/>
          </lines>
        </class>
      </classes>
    </package>
    <package name="ios-base.Onboarding.Views" line-rate="0.7522123893805309" branch-rate="1.0000000000000000" complexity="0.0">
      <classes>
        <class name="FirstViewController" filename="ios-base/Onboarding/Views/FirstViewController.swift" line-rate="0.5172413793103449" branch-rate="1.0000000000000000" complexity="0.0">
          <methods/>
          <lines>
            <line number="23" branch="false" hits="11"/>
            <line number="24" branch="false" hits="11"/>
            <line number="25" branch="false" hits="11"/>
            <line number="26" branch="false" hits="11"/>
            <line number="27" branch="false" hits="11"/>
            <line number="29" branch="false" hits="11"/>
            <line number="30" branch="false" hits="11"/>
            <line number="31" branch="false" hits="11"/>
            <line number="32" branch="false" hits="11"/>
            <line number="36" branch="false" hits="0"/>
            <line number="37" branch="false" hits="0"/>
            <line number="38" branch="false" hits="0"/>
            <line number="40" branch="false" hits="6"/>
            <line number="41" branch="false" hits="6"/>
            <line number="42" branch="false" hits="6"/>
            <line number="44" branch="false" hits="2"/>
            <line number="45" branch="false" hits="2"/>
            <line number="46" branch="false" hits="2"/>
            <line number="50" branch="false" hits="0"/>
            <line number="51" branch="false" hits="0"/>
            <line number="52" branch="false" hits="0"/>
            <line number="53" branch="false" hits="0"/>
            <line number="54" branch="false" hits="0"/>
            <line number="55" branch="false" hits="0"/>
            <line number="56" branch="false" hits="0"/>
            <line number="57" branch="false" hits="0"/>
            <line number="58" branch="false" hits="0"/>
            <line number="59" branch="false" hits="0"/>
            <line number="60" branch="false" hits="0"/>
          </lines>
        </class>
        <class name="SignInViewController" filename="ios-base/Onboarding/Views/SignInViewController.swift" line-rate="1.0000000000000000" branch-rate="1.0000000000000000" complexity="0.0">
          <methods/>
          <lines>
            <line number="23" branch="false" hits="6"/>
            <line number="24" branch="false" hits="6"/>
            <line number="25" branch="false" hits="6"/>
            <line number="26" branch="false" hits="6"/>
            <line number="27" branch="false" hits="6"/>
            <line number="28" branch="false" hits="6"/>
            <line number="30" branch="false" hits="6"/>
            <line number="31" branch="false" hits="6"/>
            <line number="32" branch="false" hits="6"/>
            <line number="33" branch="false" hits="6"/>
            <line number="37" branch="false" hits="182"/>
            <line number="38" branch="false" hits="182"/>
            <line number="39" branch="false" hits="182"/>
            <line number="40" branch="false" hits="182"/>
            <line number="41" branch="false" hits="114"/>
            <line number="42" branch="false" hits="182"/>
            <line number="43" branch="false" hits="68"/>
            <line number="44" branch="false" hits="182"/>
            <line number="45" branch="false" hits="182"/>
            <line number="46" branch="false" hits="182"/>
            <line number="48" branch="false" hits="4"/>
            <line number="49" branch="false" hits="4"/>
            <line number="50" branch="false" hits="4"/>
            <line number="52" branch="false" hits="188"/>
            <line number="53" branch="false" hits="188"/>
            <line number="54" branch="false" hits="188"/>
            <line number="55" branch="false" hits="188"/>
            <line number="59" branch="false" hits="182"/>
            <line number="60" branch="false" hits="182"/>
            <line number="61" branch="false" hits="182"/>
            <line number="63" branch="false" hits="8"/>
            <line number="64" branch="false" hits="8"/>
            <line number="65" branch="false" hits="8"/>
            <line number="66" branch="false" hits="4"/>
            <line number="67" branch="false" hits="8"/>
            <line number="68" branch="false" hits="2"/>
            <line number="69" branch="false" hits="2"/>
            <line number="70" branch="false" hits="8"/>
            <line number="71" branch="false" hits="2"/>
            <line number="72" branch="false" hits="8"/>
            <line number="73" branch="false" hits="8"/>
          </lines>
        </class>
        <class name="SignUpViewController" filename="ios-base/Onboarding/Views/SignUpViewController.swift" line-rate="0.6744186046511628" branch-rate="1.0000000000000000" complexity="0.0">
          <methods/>
          <lines>
            <line number="24" branch="false" hits="2"/>
            <line number="25" branch="false" hits="2"/>
            <line number="26" branch="false" hits="2"/>
            <line number="27" branch="false" hits="2"/>
            <line number="28" branch="false" hits="2"/>
            <line number="29" branch="false" hits="2"/>
            <line number="31" branch="false" hits="2"/>
            <line number="32" branch="false" hits="2"/>
            <line number="33" branch="false" hits="2"/>
            <line number="34" branch="false" hits="2"/>
            <line number="38" branch="false" hits="86"/>
            <line number="39" branch="false" hits="86"/>
            <line number="40" branch="false" hits="86"/>
            <line number="41" branch="false" hits="86"/>
            <line number="42" branch="false" hits="38"/>
            <line number="43" branch="false" hits="86"/>
            <line number="44" branch="false" hits="16"/>
            <line number="45" branch="false" hits="86"/>
            <line number="46" branch="false" hits="32"/>
            <line number="47" branch="false" hits="86"/>
            <line number="48" branch="false" hits="86"/>
            <line number="49" branch="false" hits="86"/>
            <line number="51" branch="false" hits="0"/>
            <line number="52" branch="false" hits="0"/>
            <line number="53" branch="false" hits="0"/>
            <line number="55" branch="false" hits="88"/>
            <line number="56" branch="false" hits="88"/>
            <line number="57" branch="false" hits="88"/>
            <line number="58" branch="false" hits="88"/>
            <line number="62" branch="false" hits="86"/>
            <line number="63" branch="false" hits="86"/>
            <line number="64" branch="false" hits="86"/>
            <line number="66" branch="false" hits="0"/>
            <line number="67" branch="false" hits="0"/>
            <line number="68" branch="false" hits="0"/>
            <line number="69" branch="false" hits="0"/>
            <line number="70" branch="false" hits="0"/>
            <line number="71" branch="false" hits="0"/>
            <line number="72" branch="false" hits="0"/>
            <line number="73" branch="false" hits="0"/>
            <line number="74" branch="false" hits="0"/>
            <line number="75" branch="false" hits="0"/>
            <line number="76" branch="false" hits="0"/>
          </lines>
        </class>
      </classes>
    </package>
  </packages>
</coverage>
